<?xml version="1.0" encoding="UTF-8"?>
<robot generator="Robot 3.1.2 (Python 3.8.0 on darwin)" generated="20191111 21:24:43.718" rpa="false">
<suite id="s1" name="loginTest" source="/Users/melismelis/PycharmProjects/SpriteCloud/Tests/loginTest.robot">
<test id="s1-t1" name="Unregistered user should see correct error message at login">
<kw name="Begin Web Test" library="common" type="setup">
<kw name="Open Browser" library="Selenium2Library">
<doc>Opens a new browser instance to the optional ``url``.</doc>
<arguments>
<arg>${BROWSER}</arg>
</arguments>
<msg timestamp="20191111 21:24:43.846" level="INFO">Opening browser 'firefox' to base url 'https://app.calliope.pro/'.</msg>
<msg timestamp="20191111 21:24:43.848" level="INFO">Firefox driver log is always forced to to: /Users/melismelis/PycharmProjects/SpriteCloud/Tests/geckodriver-1.log</msg>
<status status="PASS" starttime="20191111 21:24:43.846" endtime="20191111 21:24:47.840"></status>
</kw>
<status status="PASS" starttime="20191111 21:24:43.846" endtime="20191111 21:24:47.841"></status>
</kw>
<kw name="Navigate to Sign In Page" library="spriteCloudTest">
<kw name="Navigate To" library="signIn">
<kw name="Catenate" library="BuiltIn">
<doc>Catenates the given items together and returns the resulted string.</doc>
<arguments>
<arg>SEPARATOR=/</arg>
<arg>${BASE_URL.${ENVIRONMENT}}</arg>
<arg>${LOGIN_URL}</arg>
</arguments>
<assign>
<var>${SignInUrl}</var>
</assign>
<msg timestamp="20191111 21:24:47.843" level="INFO">${SignInUrl} = https://app.calliope.pro//login</msg>
<status status="PASS" starttime="20191111 21:24:47.843" endtime="20191111 21:24:47.843"></status>
</kw>
<kw name="Go To" library="Selenium2Library">
<doc>Navigates the current browser window to the provided ``url``.</doc>
<arguments>
<arg>${SignInUrl}</arg>
</arguments>
<msg timestamp="20191111 21:24:47.844" level="INFO">Opening url 'https://app.calliope.pro//login'</msg>
<status status="PASS" starttime="20191111 21:24:47.844" endtime="20191111 21:24:48.220"></status>
</kw>
<status status="PASS" starttime="20191111 21:24:47.842" endtime="20191111 21:24:48.221"></status>
</kw>
<status status="PASS" starttime="20191111 21:24:47.842" endtime="20191111 21:24:48.221"></status>
</kw>
<kw name="Attempt Login" library="spriteCloudTest">
<arguments>
<arg>${UNREGISTERED_USER}</arg>
</arguments>
<kw name="Enter Credentials" library="signIn">
<arguments>
<arg>${Credentials}</arg>
</arguments>
<kw name="Run Keyword Unless" library="BuiltIn">
<doc>Runs the given keyword with the given arguments if ``condition`` is false.</doc>
<arguments>
<arg>'${Credentials.Email}' == '#BLANK'</arg>
<arg>Input Text</arg>
<arg>${SIGN_IN_EMAIL}</arg>
<arg>${Credentials.Email}</arg>
</arguments>
<kw name="Input Text" library="Selenium2Library">
<doc>Types the given ``text`` into the text field identified by ``locator``.</doc>
<arguments>
<arg>${SIGN_IN_EMAIL}</arg>
<arg>${Credentials.Email}</arg>
</arguments>
<msg timestamp="20191111 21:24:48.225" level="INFO">Typing text 'melis@melis.com' into text field '//*[@id="user_session_email"]'.</msg>
<status status="PASS" starttime="20191111 21:24:48.224" endtime="20191111 21:24:48.290"></status>
</kw>
<status status="PASS" starttime="20191111 21:24:48.223" endtime="20191111 21:24:48.290"></status>
</kw>
<kw name="Run Keyword Unless" library="BuiltIn">
<doc>Runs the given keyword with the given arguments if ``condition`` is false.</doc>
<arguments>
<arg>'${Credentials.Password}' == '#BLANK'</arg>
<arg>Input Text</arg>
<arg>${SIGN_IN_PASSWORD}</arg>
<arg>${Credentials.Password}</arg>
</arguments>
<kw name="Input Text" library="Selenium2Library">
<doc>Types the given ``text`` into the text field identified by ``locator``.</doc>
<arguments>
<arg>${SIGN_IN_PASSWORD}</arg>
<arg>${Credentials.Password}</arg>
</arguments>
<msg timestamp="20191111 21:24:48.291" level="INFO">Typing text '123456' into text field '//*[@id="user_session_password"]'.</msg>
<status status="PASS" starttime="20191111 21:24:48.291" endtime="20191111 21:24:48.334"></status>
</kw>
<status status="PASS" starttime="20191111 21:24:48.290" endtime="20191111 21:24:48.334"></status>
</kw>
<status status="PASS" starttime="20191111 21:24:48.223" endtime="20191111 21:24:48.334"></status>
</kw>
<kw name="Click Submit" library="signIn">
<kw name="Click Button" library="Selenium2Library">
<doc>Clicks the button identified by ``locator``.</doc>
<arguments>
<arg>${LOGIN_SUBMIT_BUTTON}</arg>
</arguments>
<msg timestamp="20191111 21:24:48.335" level="INFO">Clicking button 'xpath=/html/body/div[2]/div/div[1]/section/div/form/div[3]/button'.</msg>
<status status="PASS" starttime="20191111 21:24:48.335" endtime="20191111 21:24:48.885"></status>
</kw>
<status status="PASS" starttime="20191111 21:24:48.334" endtime="20191111 21:24:48.885"></status>
</kw>
<status status="PASS" starttime="20191111 21:24:48.222" endtime="20191111 21:24:48.885"></status>
</kw>
<kw name="Verify Login Page Error Message" library="spriteCloudTest">
<arguments>
<arg>${UNREGISTERED_USER.ExpectedErrorMessage}</arg>
</arguments>
<kw name="Verify Error Message" library="signIn">
<arguments>
<arg>${ExpectedErrorMessage}</arg>
</arguments>
<kw name="Page Should Contain" library="Selenium2Library">
<doc>Verifies that current page contains ``text``.</doc>
<arguments>
<arg>${ExpectedErrorMessage}</arg>
</arguments>
<msg timestamp="20191111 21:24:48.906" level="INFO">Current page contains text 'Email or password is invalid'.</msg>
<status status="PASS" starttime="20191111 21:24:48.887" endtime="20191111 21:24:48.906"></status>
</kw>
<status status="PASS" starttime="20191111 21:24:48.886" endtime="20191111 21:24:48.907"></status>
</kw>
<status status="PASS" starttime="20191111 21:24:48.886" endtime="20191111 21:24:48.907"></status>
</kw>
<kw name="End Web Test" library="common" type="teardown">
<kw name="Close All Browsers" library="Selenium2Library">
<doc>Closes all open browsers and resets the browser cache.</doc>
<status status="PASS" starttime="20191111 21:24:48.907" endtime="20191111 21:24:51.397"></status>
</kw>
<status status="PASS" starttime="20191111 21:24:48.907" endtime="20191111 21:24:51.397"></status>
</kw>
<status status="PASS" starttime="20191111 21:24:43.845" endtime="20191111 21:24:51.397" critical="yes"></status>
</test>
<test id="s1-t2" name="Login with invalid password should show correct error message">
<kw name="Begin Web Test" library="common" type="setup">
<kw name="Open Browser" library="Selenium2Library">
<doc>Opens a new browser instance to the optional ``url``.</doc>
<arguments>
<arg>${BROWSER}</arg>
</arguments>
<msg timestamp="20191111 21:24:51.398" level="INFO">Opening browser 'firefox' to base url 'https://app.calliope.pro/'.</msg>
<msg timestamp="20191111 21:24:51.399" level="INFO">Firefox driver log is always forced to to: /Users/melismelis/PycharmProjects/SpriteCloud/Tests/geckodriver-2.log</msg>
<status status="PASS" starttime="20191111 21:24:51.398" endtime="20191111 21:24:56.159"></status>
</kw>
<status status="PASS" starttime="20191111 21:24:51.398" endtime="20191111 21:24:56.159"></status>
</kw>
<kw name="Navigate to Sign In Page" library="spriteCloudTest">
<kw name="Navigate To" library="signIn">
<kw name="Catenate" library="BuiltIn">
<doc>Catenates the given items together and returns the resulted string.</doc>
<arguments>
<arg>SEPARATOR=/</arg>
<arg>${BASE_URL.${ENVIRONMENT}}</arg>
<arg>${LOGIN_URL}</arg>
</arguments>
<assign>
<var>${SignInUrl}</var>
</assign>
<msg timestamp="20191111 21:24:56.162" level="INFO">${SignInUrl} = https://app.calliope.pro//login</msg>
<status status="PASS" starttime="20191111 21:24:56.161" endtime="20191111 21:24:56.162"></status>
</kw>
<kw name="Go To" library="Selenium2Library">
<doc>Navigates the current browser window to the provided ``url``.</doc>
<arguments>
<arg>${SignInUrl}</arg>
</arguments>
<msg timestamp="20191111 21:24:56.163" level="INFO">Opening url 'https://app.calliope.pro//login'</msg>
<status status="PASS" starttime="20191111 21:24:56.163" endtime="20191111 21:24:56.538"></status>
</kw>
<status status="PASS" starttime="20191111 21:24:56.161" endtime="20191111 21:24:56.539"></status>
</kw>
<status status="PASS" starttime="20191111 21:24:56.161" endtime="20191111 21:24:56.539"></status>
</kw>
<kw name="Attempt Login" library="spriteCloudTest">
<arguments>
<arg>${INVALID_PASSWORD_USER}</arg>
</arguments>
<kw name="Enter Credentials" library="signIn">
<arguments>
<arg>${Credentials}</arg>
</arguments>
<kw name="Run Keyword Unless" library="BuiltIn">
<doc>Runs the given keyword with the given arguments if ``condition`` is false.</doc>
<arguments>
<arg>'${Credentials.Email}' == '#BLANK'</arg>
<arg>Input Text</arg>
<arg>${SIGN_IN_EMAIL}</arg>
<arg>${Credentials.Email}</arg>
</arguments>
<kw name="Input Text" library="Selenium2Library">
<doc>Types the given ``text`` into the text field identified by ``locator``.</doc>
<arguments>
<arg>${SIGN_IN_EMAIL}</arg>
<arg>${Credentials.Email}</arg>
</arguments>
<msg timestamp="20191111 21:24:56.541" level="INFO">Typing text 'nuraymeliscelik@gmail.com' into text field '//*[@id="user_session_email"]'.</msg>
<status status="PASS" starttime="20191111 21:24:56.541" endtime="20191111 21:24:56.607"></status>
</kw>
<status status="PASS" starttime="20191111 21:24:56.540" endtime="20191111 21:24:56.607"></status>
</kw>
<kw name="Run Keyword Unless" library="BuiltIn">
<doc>Runs the given keyword with the given arguments if ``condition`` is false.</doc>
<arguments>
<arg>'${Credentials.Password}' == '#BLANK'</arg>
<arg>Input Text</arg>
<arg>${SIGN_IN_PASSWORD}</arg>
<arg>${Credentials.Password}</arg>
</arguments>
<kw name="Input Text" library="Selenium2Library">
<doc>Types the given ``text`` into the text field identified by ``locator``.</doc>
<arguments>
<arg>${SIGN_IN_PASSWORD}</arg>
<arg>${Credentials.Password}</arg>
</arguments>
<msg timestamp="20191111 21:24:56.609" level="INFO">Typing text '654321' into text field '//*[@id="user_session_password"]'.</msg>
<status status="PASS" starttime="20191111 21:24:56.608" endtime="20191111 21:24:56.651"></status>
</kw>
<status status="PASS" starttime="20191111 21:24:56.608" endtime="20191111 21:24:56.652"></status>
</kw>
<status status="PASS" starttime="20191111 21:24:56.540" endtime="20191111 21:24:56.652"></status>
</kw>
<kw name="Click Submit" library="signIn">
<kw name="Click Button" library="Selenium2Library">
<doc>Clicks the button identified by ``locator``.</doc>
<arguments>
<arg>${LOGIN_SUBMIT_BUTTON}</arg>
</arguments>
<msg timestamp="20191111 21:24:56.653" level="INFO">Clicking button 'xpath=/html/body/div[2]/div/div[1]/section/div/form/div[3]/button'.</msg>
<status status="PASS" starttime="20191111 21:24:56.652" endtime="20191111 21:24:57.236"></status>
</kw>
<status status="PASS" starttime="20191111 21:24:56.652" endtime="20191111 21:24:57.236"></status>
</kw>
<status status="PASS" starttime="20191111 21:24:56.539" endtime="20191111 21:24:57.237"></status>
</kw>
<kw name="Verify Login Page Error Message" library="spriteCloudTest">
<arguments>
<arg>${INVALID_PASSWORD_USER.ExpectedErrorMessage}</arg>
</arguments>
<kw name="Verify Error Message" library="signIn">
<arguments>
<arg>${ExpectedErrorMessage}</arg>
</arguments>
<kw name="Page Should Contain" library="Selenium2Library">
<doc>Verifies that current page contains ``text``.</doc>
<arguments>
<arg>${ExpectedErrorMessage}</arg>
</arguments>
<msg timestamp="20191111 21:24:57.260" level="INFO">Current page contains text 'Email or password is invalid'.</msg>
<status status="PASS" starttime="20191111 21:24:57.238" endtime="20191111 21:24:57.261"></status>
</kw>
<status status="PASS" starttime="20191111 21:24:57.237" endtime="20191111 21:24:57.261"></status>
</kw>
<status status="PASS" starttime="20191111 21:24:57.237" endtime="20191111 21:24:57.261"></status>
</kw>
<kw name="End Web Test" library="common" type="teardown">
<kw name="Close All Browsers" library="Selenium2Library">
<doc>Closes all open browsers and resets the browser cache.</doc>
<status status="PASS" starttime="20191111 21:24:57.262" endtime="20191111 21:25:00.788"></status>
</kw>
<status status="PASS" starttime="20191111 21:24:57.262" endtime="20191111 21:25:00.788"></status>
</kw>
<status status="PASS" starttime="20191111 21:24:51.397" endtime="20191111 21:25:00.788" critical="yes"></status>
</test>
<test id="s1-t3" name="Login with valid email and password should be login">
<kw name="Begin Web Test" library="common" type="setup">
<kw name="Open Browser" library="Selenium2Library">
<doc>Opens a new browser instance to the optional ``url``.</doc>
<arguments>
<arg>${BROWSER}</arg>
</arguments>
<msg timestamp="20191111 21:25:00.789" level="INFO">Opening browser 'firefox' to base url 'https://app.calliope.pro/'.</msg>
<msg timestamp="20191111 21:25:00.790" level="INFO">Firefox driver log is always forced to to: /Users/melismelis/PycharmProjects/SpriteCloud/Tests/geckodriver-3.log</msg>
<status status="PASS" starttime="20191111 21:25:00.789" endtime="20191111 21:25:05.202"></status>
</kw>
<status status="PASS" starttime="20191111 21:25:00.789" endtime="20191111 21:25:05.203"></status>
</kw>
<kw name="Navigate to Sign In Page" library="spriteCloudTest">
<kw name="Navigate To" library="signIn">
<kw name="Catenate" library="BuiltIn">
<doc>Catenates the given items together and returns the resulted string.</doc>
<arguments>
<arg>SEPARATOR=/</arg>
<arg>${BASE_URL.${ENVIRONMENT}}</arg>
<arg>${LOGIN_URL}</arg>
</arguments>
<assign>
<var>${SignInUrl}</var>
</assign>
<msg timestamp="20191111 21:25:05.206" level="INFO">${SignInUrl} = https://app.calliope.pro//login</msg>
<status status="PASS" starttime="20191111 21:25:05.205" endtime="20191111 21:25:05.206"></status>
</kw>
<kw name="Go To" library="Selenium2Library">
<doc>Navigates the current browser window to the provided ``url``.</doc>
<arguments>
<arg>${SignInUrl}</arg>
</arguments>
<msg timestamp="20191111 21:25:05.206" level="INFO">Opening url 'https://app.calliope.pro//login'</msg>
<status status="PASS" starttime="20191111 21:25:05.206" endtime="20191111 21:25:05.562"></status>
</kw>
<status status="PASS" starttime="20191111 21:25:05.204" endtime="20191111 21:25:05.562"></status>
</kw>
<status status="PASS" starttime="20191111 21:25:05.203" endtime="20191111 21:25:05.562"></status>
</kw>
<kw name="Attempt Login" library="spriteCloudTest">
<arguments>
<arg>${VALID_PASSWORD_USER}</arg>
</arguments>
<kw name="Enter Credentials" library="signIn">
<arguments>
<arg>${Credentials}</arg>
</arguments>
<kw name="Run Keyword Unless" library="BuiltIn">
<doc>Runs the given keyword with the given arguments if ``condition`` is false.</doc>
<arguments>
<arg>'${Credentials.Email}' == '#BLANK'</arg>
<arg>Input Text</arg>
<arg>${SIGN_IN_EMAIL}</arg>
<arg>${Credentials.Email}</arg>
</arguments>
<kw name="Input Text" library="Selenium2Library">
<doc>Types the given ``text`` into the text field identified by ``locator``.</doc>
<arguments>
<arg>${SIGN_IN_EMAIL}</arg>
<arg>${Credentials.Email}</arg>
</arguments>
<msg timestamp="20191111 21:25:05.564" level="INFO">Typing text 'nuraymeliscelik@gmail.com' into text field '//*[@id="user_session_email"]'.</msg>
<status status="PASS" starttime="20191111 21:25:05.564" endtime="20191111 21:25:05.631"></status>
</kw>
<status status="PASS" starttime="20191111 21:25:05.564" endtime="20191111 21:25:05.631"></status>
</kw>
<kw name="Run Keyword Unless" library="BuiltIn">
<doc>Runs the given keyword with the given arguments if ``condition`` is false.</doc>
<arguments>
<arg>'${Credentials.Password}' == '#BLANK'</arg>
<arg>Input Text</arg>
<arg>${SIGN_IN_PASSWORD}</arg>
<arg>${Credentials.Password}</arg>
</arguments>
<kw name="Input Text" library="Selenium2Library">
<doc>Types the given ``text`` into the text field identified by ``locator``.</doc>
<arguments>
<arg>${SIGN_IN_PASSWORD}</arg>
<arg>${Credentials.Password}</arg>
</arguments>
<msg timestamp="20191111 21:25:05.632" level="INFO">Typing text '123456' into text field '//*[@id="user_session_password"]'.</msg>
<status status="PASS" starttime="20191111 21:25:05.632" endtime="20191111 21:25:05.672"></status>
</kw>
<status status="PASS" starttime="20191111 21:25:05.631" endtime="20191111 21:25:05.672"></status>
</kw>
<status status="PASS" starttime="20191111 21:25:05.563" endtime="20191111 21:25:05.673"></status>
</kw>
<kw name="Click Submit" library="signIn">
<kw name="Click Button" library="Selenium2Library">
<doc>Clicks the button identified by ``locator``.</doc>
<arguments>
<arg>${LOGIN_SUBMIT_BUTTON}</arg>
</arguments>
<msg timestamp="20191111 21:25:05.674" level="INFO">Clicking button 'xpath=/html/body/div[2]/div/div[1]/section/div/form/div[3]/button'.</msg>
<status status="PASS" starttime="20191111 21:25:05.673" endtime="20191111 21:25:06.642"></status>
</kw>
<status status="PASS" starttime="20191111 21:25:05.673" endtime="20191111 21:25:06.642"></status>
</kw>
<status status="PASS" starttime="20191111 21:25:05.563" endtime="20191111 21:25:06.642"></status>
</kw>
<kw name="Verify User Logged In" library="spriteCloudTest">
<kw name="Verify Logged In" library="signIn">
<kw name="Page Should Contain Element" library="Selenium2Library">
<doc>Verifies that element ``locator`` is found on the current page.</doc>
<arguments>
<arg>xpath=/html/body/div[2]/div/div[1]/div[3]/div[1]/ul/li/a</arg>
</arguments>
<msg timestamp="20191111 21:25:06.665" level="INFO">Current page contains element 'xpath=/html/body/div[2]/div/div[1]/div[3]/div[1]/ul/li/a'.</msg>
<status status="PASS" starttime="20191111 21:25:06.643" endtime="20191111 21:25:06.665"></status>
</kw>
<status status="PASS" starttime="20191111 21:25:06.643" endtime="20191111 21:25:06.665"></status>
</kw>
<status status="PASS" starttime="20191111 21:25:06.643" endtime="20191111 21:25:06.666"></status>
</kw>
<kw name="End Web Test" library="common" type="teardown">
<kw name="Close All Browsers" library="Selenium2Library">
<doc>Closes all open browsers and resets the browser cache.</doc>
<status status="PASS" starttime="20191111 21:25:06.667" endtime="20191111 21:25:08.235"></status>
</kw>
<status status="PASS" starttime="20191111 21:25:06.666" endtime="20191111 21:25:08.235"></status>
</kw>
<status status="PASS" starttime="20191111 21:25:00.788" endtime="20191111 21:25:08.235" critical="yes"></status>
</test>
<status status="PASS" starttime="20191111 21:24:43.721" endtime="20191111 21:25:08.237"></status>
</suite>
<statistics>
<total>
<stat pass="3" fail="0">Critical Tests</stat>
<stat pass="3" fail="0">All Tests</stat>
</total>
<tag>
</tag>
<suite>
<stat pass="3" fail="0" id="s1" name="loginTest">loginTest</stat>
</suite>
</statistics>
<errors>
</errors>
</robot>
